# JRE version: Java(TM) SE Runtime Environment (21.0.2+13) (build 21.0.2+13-LTS-58)
# Java VM: Java HotSpot(TM) 64-Bit Server VM (21.0.2+13-LTS-58, mixed mode, sharing, tiered, compressed oops, compressed class ptrs, g1 gc, windows-amd64)
GC Precious Log:
 CardTable entry size: 512
 Card Set container configuration: InlinePtr #cards 4 size 8 Array Of Cards #cards 16 size 48 Howl #buckets 8 coarsen threshold 3686 Howl Bitmap #cards 512 size 80 coarsen threshold 460 Card regions per heap region 1 cards per card region 4096
 CPUs: 4 total, 4 available
 Memory: 16343M
 Large Page Support: Disabled
 NUMA Support: Disabled
 Compressed Oops: Enabled (Zero based)
 Heap Region Size: 2M
 Heap Min Capacity: 8M
 Heap Initial Capacity: 256M
 Heap Max Capacity: 4086M
 Pre-touch: Disabled
 Parallel Workers: 4
 Concurrent Workers: 1
 Concurrent Refinement Workers: 4
 Periodic GC: Disabled
Heap:
 garbage-first heap   total 1081344K, used 396385K [0x0000000700a00000, 0x0000000800000000)
  region size 2048K, 1 young (2048K), 1 survivors (2048K)
 Metaspace       used 568K, committed 704K, reserved 1114112K
  class space    used 38K, committed 128K, reserved 1048576K
GC Heap History (8 events):
Event: 12.418 GC heap before
{Heap before GC invocations=0 (full 0):
 garbage-first heap   total 262144K, used 108544K [0x0000000700a00000, 0x0000000800000000)
  region size 2048K, 3 young (6144K), 0 survivors (0K)
 Metaspace       used 567K, committed 704K, reserved 1114112K
  class space    used 38K, committed 128K, reserved 1048576K
}
Event: 12.446 GC heap after
{Heap after GC invocations=1 (full 0):
 garbage-first heap   total 262144K, used 52368K [0x0000000700a00000, 0x0000000800000000)
  region size 2048K, 1 young (2048K), 1 survivors (2048K)
 Metaspace       used 567K, committed 704K, reserved 1114112K
  class space    used 38K, committed 128K, reserved 1048576K
}
Event: 12.603 GC heap before
{Heap before GC invocations=1 (full 0):
 garbage-first heap   total 262144K, used 152720K [0x0000000700a00000, 0x0000000800000000)
  region size 2048K, 2 young (4096K), 1 survivors (2048K)
 Metaspace       used 568K, committed 704K, reserved 1114112K
  class space    used 38K, committed 128K, reserved 1048576K
}
Event: 12.605 GC heap after
{Heap after GC invocations=2 (full 0):
 garbage-first heap   total 262144K, used 101576K [0x0000000700a00000, 0x0000000800000000)
  region size 2048K, 1 young (2048K), 1 survivors (2048K)
 Metaspace       used 568K, committed 704K, reserved 1114112K
  class space    used 38K, committed 128K, reserved 1048576K
}
Event: 12.863 GC heap before
{Heap before GC invocations=2 (full 0):
 garbage-first heap   total 458752K, used 300232K [0x0000000700a00000, 0x0000000800000000)
  region size 2048K, 2 young (4096K), 1 survivors (2048K)
 Metaspace       used 568K, committed 704K, reserved 1114112K
  class space    used 38K, committed 128K, reserved 1048576K
}
Event: 12.864 GC heap after
{Heap after GC invocations=3 (full 0):
 garbage-first heap   total 458752K, used 199814K [0x0000000700a00000, 0x0000000800000000)
  region size 2048K, 1 young (2048K), 1 survivors (2048K)
 Metaspace       used 568K, committed 704K, reserved 1114112K
  class space    used 38K, committed 128K, reserved 1048576K
}
Event: 13.312 GC heap before
{Heap before GC invocations=3 (full 0):
 garbage-first heap   total 854016K, used 595078K [0x0000000700a00000, 0x0000000800000000)
  region size 2048K, 2 young (4096K), 1 survivors (2048K)
 Metaspace       used 568K, committed 704K, reserved 1114112K
  class space    used 38K, committed 128K, reserved 1048576K
}
Event: 13.312 GC heap after
{Heap after GC invocations=4 (full 0):
 garbage-first heap   total 854016K, used 396385K [0x0000000700a00000, 0x0000000800000000)
  region size 2048K, 1 young (2048K), 1 survivors (2048K)
 Metaspace       used 568K, committed 704K, reserved 1114112K
  class space    used 38K, committed 128K, reserved 1048576K
}

